2019-03-06 16:28:02 INFO  slf4j:10 - This is SLF4J
2019-03-06 16:28:17 INFO  WebDriverManager:939 - Exporting webdriver.chrome.driver as /Users/admin/.m2/repository/webdriver/chromedriver/mac64/2.46/chromedriver
2019-03-06 16:29:04 INFO  WebDriverManager:939 - Exporting webdriver.chrome.driver as /Users/admin/.m2/repository/webdriver/chromedriver/mac64/2.46/chromedriver
2019-03-06 16:31:12 INFO  WebDriverManager:939 - Exporting webdriver.chrome.driver as /Users/admin/.m2/repository/webdriver/chromedriver/mac64/2.46/chromedriver
2019-03-06 16:32:17 INFO  WebDriverManager:939 - Exporting webdriver.chrome.driver as /Users/admin/.m2/repository/webdriver/chromedriver/mac64/2.46/chromedriver
2019-03-06 16:36:45 INFO  WebDriverManager:939 - Exporting webdriver.chrome.driver as /Users/admin/.m2/repository/webdriver/chromedriver/mac64/2.46/chromedriver
2019-03-06 16:51:25 INFO  WebDriverManager:551 - Using chromedriver 2.46 (since Google Chrome 72 is installed in your machine)
2019-03-06 16:51:25 INFO  WebDriverManager:939 - Exporting webdriver.chrome.driver as /Users/admin/.m2/repository/webdriver/chromedriver/mac64/2.46/chromedriver
2019-03-06 16:52:10 INFO  WebDriverManager:939 - Exporting webdriver.chrome.driver as /Users/admin/.m2/repository/webdriver/chromedriver/mac64/2.46/chromedriver
2019-03-06 16:56:06 INFO  WebDriverManager:939 - Exporting webdriver.chrome.driver as /Users/admin/.m2/repository/webdriver/chromedriver/mac64/2.46/chromedriver
2019-03-06 16:56:57 INFO  WebDriverManager:939 - Exporting webdriver.chrome.driver as /Users/admin/.m2/repository/webdriver/chromedriver/mac64/2.46/chromedriver
2019-03-06 16:57:32 INFO  WebDriverManager:939 - Exporting webdriver.chrome.driver as /Users/admin/.m2/repository/webdriver/chromedriver/mac64/2.46/chromedriver
2019-03-06 16:58:32 INFO  WebDriverManager:939 - Exporting webdriver.chrome.driver as /Users/admin/.m2/repository/webdriver/chromedriver/mac64/2.46/chromedriver
2019-03-06 16:59:33 INFO  WebDriverManager:939 - Exporting webdriver.chrome.driver as /Users/admin/.m2/repository/webdriver/chromedriver/mac64/2.46/chromedriver
2019-03-06 18:33:19 INFO  WebDriverManager:551 - Using chromedriver 2.46 (since Google Chrome 72 is installed in your machine)
2019-03-06 18:33:19 INFO  WebDriverManager:939 - Exporting webdriver.chrome.driver as /Users/admin/.m2/repository/webdriver/chromedriver/mac64/2.46/chromedriver
2019-03-06 18:34:40 INFO  WebDriverManager:939 - Exporting webdriver.chrome.driver as /Users/admin/.m2/repository/webdriver/chromedriver/mac64/2.46/chromedriver
2019-03-06 18:37:08 INFO  WebDriverManager:939 - Exporting webdriver.chrome.driver as /Users/admin/.m2/repository/webdriver/chromedriver/mac64/2.46/chromedriver
2019-03-06 18:38:26 INFO  WebDriverManager:939 - Exporting webdriver.chrome.driver as /Users/admin/.m2/repository/webdriver/chromedriver/mac64/2.46/chromedriver
2019-03-06 18:40:16 INFO  WebDriverManager:939 - Exporting webdriver.chrome.driver as /Users/admin/.m2/repository/webdriver/chromedriver/mac64/2.46/chromedriver
2019-03-06 18:41:39 INFO  WebDriverManager:939 - Exporting webdriver.chrome.driver as /Users/admin/.m2/repository/webdriver/chromedriver/mac64/2.46/chromedriver
2019-03-06 18:57:54 INFO  WebDriverManager:939 - Exporting webdriver.chrome.driver as /Users/admin/.m2/repository/webdriver/chromedriver/mac64/2.46/chromedriver
2019-03-06 19:10:50 INFO  WebDriverManager:939 - Exporting webdriver.chrome.driver as /Users/admin/.m2/repository/webdriver/chromedriver/mac64/2.46/chromedriver
2019-03-06 19:18:09 INFO  WebDriverManager:939 - Exporting webdriver.chrome.driver as /Users/admin/.m2/repository/webdriver/chromedriver/mac64/2.46/chromedriver
2019-03-06 19:26:31 INFO  WebDriverManager:939 - Exporting webdriver.chrome.driver as /Users/admin/.m2/repository/webdriver/chromedriver/mac64/2.46/chromedriver
2019-03-06 19:28:26 INFO  WebDriverManager:939 - Exporting webdriver.chrome.driver as /Users/admin/.m2/repository/webdriver/chromedriver/mac64/2.46/chromedriver
2019-03-06 19:29:21 INFO  WebDriverManager:939 - Exporting webdriver.chrome.driver as /Users/admin/.m2/repository/webdriver/chromedriver/mac64/2.46/chromedriver
2019-03-06 19:31:33 INFO  WebDriverManager:939 - Exporting webdriver.chrome.driver as /Users/admin/.m2/repository/webdriver/chromedriver/mac64/2.46/chromedriver
2019-03-06 21:24:13 INFO  WebDriverManager:551 - Using chromedriver 2.46 (since Google Chrome 72 is installed in your machine)
2019-03-06 21:24:14 INFO  WebDriverManager:939 - Exporting webdriver.chrome.driver as /Users/admin/.m2/repository/webdriver/chromedriver/mac64/2.46/chromedriver
2019-03-06 23:45:04 INFO  WebDriverManager:551 - Using chromedriver 2.46 (since Google Chrome 72 is installed in your machine)
2019-03-06 23:45:04 INFO  WebDriverManager:939 - Exporting webdriver.chrome.driver as /Users/admin/.m2/repository/webdriver/chromedriver/mac64/2.46/chromedriver
2019-03-06 23:46:06 INFO  WebDriverManager:939 - Exporting webdriver.chrome.driver as /Users/admin/.m2/repository/webdriver/chromedriver/mac64/2.46/chromedriver
2019-03-06 23:48:37 INFO  WebDriverManager:939 - Exporting webdriver.chrome.driver as /Users/admin/.m2/repository/webdriver/chromedriver/mac64/2.46/chromedriver
2019-03-06 23:48:54 INFO  WebDriverManager:939 - Exporting webdriver.chrome.driver as /Users/admin/.m2/repository/webdriver/chromedriver/mac64/2.46/chromedriver
2019-03-06 23:50:14 INFO  WebDriverManager:939 - Exporting webdriver.chrome.driver as /Users/admin/.m2/repository/webdriver/chromedriver/mac64/2.46/chromedriver
2019-03-06 23:57:04 INFO  WebDriverManager:939 - Exporting webdriver.chrome.driver as /Users/admin/.m2/repository/webdriver/chromedriver/mac64/2.46/chromedriver
2019-03-06 23:59:48 INFO  WebDriverManager:939 - Exporting webdriver.chrome.driver as /Users/admin/.m2/repository/webdriver/chromedriver/mac64/2.46/chromedriver
2019-03-07 00:00:40 INFO  WebDriverManager:939 - Exporting webdriver.chrome.driver as /Users/admin/.m2/repository/webdriver/chromedriver/mac64/2.46/chromedriver
2019-03-07 00:01:07 INFO  WebDriverManager:939 - Exporting webdriver.chrome.driver as /Users/admin/.m2/repository/webdriver/chromedriver/mac64/2.46/chromedriver
2019-03-07 00:01:49 INFO  WebDriverManager:939 - Exporting webdriver.chrome.driver as /Users/admin/.m2/repository/webdriver/chromedriver/mac64/2.46/chromedriver
2019-03-07 00:02:19 INFO  WebDriverManager:939 - Exporting webdriver.chrome.driver as /Users/admin/.m2/repository/webdriver/chromedriver/mac64/2.46/chromedriver
2019-03-07 00:17:26 INFO  WebDriverManager:939 - Exporting webdriver.chrome.driver as /Users/admin/.m2/repository/webdriver/chromedriver/mac64/2.46/chromedriver
2019-03-07 00:19:11 INFO  WebDriverManager:939 - Exporting webdriver.chrome.driver as /Users/admin/.m2/repository/webdriver/chromedriver/mac64/2.46/chromedriver
2019-03-07 00:20:35 INFO  WebDriverManager:939 - Exporting webdriver.chrome.driver as /Users/admin/.m2/repository/webdriver/chromedriver/mac64/2.46/chromedriver
2019-03-07 00:21:27 INFO  WebDriverManager:939 - Exporting webdriver.chrome.driver as /Users/admin/.m2/repository/webdriver/chromedriver/mac64/2.46/chromedriver
2019-03-07 00:22:06 INFO  WebDriverManager:939 - Exporting webdriver.chrome.driver as /Users/admin/.m2/repository/webdriver/chromedriver/mac64/2.46/chromedriver
2019-03-07 00:22:54 INFO  WebDriverManager:939 - Exporting webdriver.chrome.driver as /Users/admin/.m2/repository/webdriver/chromedriver/mac64/2.46/chromedriver
2019-03-07 00:23:36 INFO  WebDriverManager:939 - Exporting webdriver.chrome.driver as /Users/admin/.m2/repository/webdriver/chromedriver/mac64/2.46/chromedriver
2019-03-07 00:28:49 INFO  WebDriverManager:939 - Exporting webdriver.chrome.driver as /Users/admin/.m2/repository/webdriver/chromedriver/mac64/2.46/chromedriver
2019-03-07 00:34:32 INFO  WebDriverManager:939 - Exporting webdriver.chrome.driver as /Users/admin/.m2/repository/webdriver/chromedriver/mac64/2.46/chromedriver
2019-03-07 00:35:23 INFO  WebDriverManager:939 - Exporting webdriver.chrome.driver as /Users/admin/.m2/repository/webdriver/chromedriver/mac64/2.46/chromedriver
2019-03-07 00:36:11 INFO  WebDriverManager:939 - Exporting webdriver.chrome.driver as /Users/admin/.m2/repository/webdriver/chromedriver/mac64/2.46/chromedriver
2019-03-07 00:36:42 INFO  WebDriverManager:939 - Exporting webdriver.chrome.driver as /Users/admin/.m2/repository/webdriver/chromedriver/mac64/2.46/chromedriver
2019-03-07 00:37:49 INFO  WebDriverManager:939 - Exporting webdriver.chrome.driver as /Users/admin/.m2/repository/webdriver/chromedriver/mac64/2.46/chromedriver
2019-03-07 00:38:09 INFO  WebDriverManager:939 - Exporting webdriver.chrome.driver as /Users/admin/.m2/repository/webdriver/chromedriver/mac64/2.46/chromedriver
2019-03-07 00:42:39 INFO  WebDriverManager:939 - Exporting webdriver.chrome.driver as /Users/admin/.m2/repository/webdriver/chromedriver/mac64/2.46/chromedriver
2019-03-07 00:43:20 INFO  WebDriverManager:939 - Exporting webdriver.chrome.driver as /Users/admin/.m2/repository/webdriver/chromedriver/mac64/2.46/chromedriver
2019-03-07 00:48:35 INFO  WebDriverManager:551 - Using chromedriver 2.46 (since Google Chrome 72 is installed in your machine)
2019-03-07 00:48:35 INFO  WebDriverManager:939 - Exporting webdriver.chrome.driver as /Users/admin/.m2/repository/webdriver/chromedriver/mac64/2.46/chromedriver
2019-03-07 00:49:08 INFO  WebDriverManager:939 - Exporting webdriver.chrome.driver as /Users/admin/.m2/repository/webdriver/chromedriver/mac64/2.46/chromedriver
2019-03-07 00:51:51 INFO  WebDriverManager:939 - Exporting webdriver.chrome.driver as /Users/admin/.m2/repository/webdriver/chromedriver/mac64/2.46/chromedriver
2019-03-07 00:52:29 INFO  WebDriverManager:939 - Exporting webdriver.chrome.driver as /Users/admin/.m2/repository/webdriver/chromedriver/mac64/2.46/chromedriver
2019-03-07 00:52:54 INFO  WebDriverManager:939 - Exporting webdriver.chrome.driver as /Users/admin/.m2/repository/webdriver/chromedriver/mac64/2.46/chromedriver
2019-03-07 00:59:09 INFO  WebDriverManager:939 - Exporting webdriver.chrome.driver as /Users/admin/.m2/repository/webdriver/chromedriver/mac64/2.46/chromedriver
2019-03-07 01:01:33 INFO  WebDriverManager:939 - Exporting webdriver.chrome.driver as /Users/admin/.m2/repository/webdriver/chromedriver/mac64/2.46/chromedriver
2019-03-07 01:03:38 INFO  WebDriverManager:939 - Exporting webdriver.chrome.driver as /Users/admin/.m2/repository/webdriver/chromedriver/mac64/2.46/chromedriver
2019-03-07 01:05:59 INFO  WebDriverManager:939 - Exporting webdriver.chrome.driver as /Users/admin/.m2/repository/webdriver/chromedriver/mac64/2.46/chromedriver
2019-03-07 01:09:25 INFO  WebDriverManager:939 - Exporting webdriver.chrome.driver as /Users/admin/.m2/repository/webdriver/chromedriver/mac64/2.46/chromedriver
2019-03-07 01:10:31 INFO  WebDriverManager:939 - Exporting webdriver.chrome.driver as /Users/admin/.m2/repository/webdriver/chromedriver/mac64/2.46/chromedriver
2019-03-07 01:12:46 INFO  WebDriverManager:939 - Exporting webdriver.chrome.driver as /Users/admin/.m2/repository/webdriver/chromedriver/mac64/2.46/chromedriver
2019-03-07 15:56:06 INFO  WebDriverManager:551 - Using chromedriver 2.46 (since Google Chrome 72 is installed in your machine)
2019-03-07 15:56:06 INFO  WebDriverManager:939 - Exporting webdriver.chrome.driver as /Users/admin/.m2/repository/webdriver/chromedriver/mac64/2.46/chromedriver
2019-03-07 15:56:58 INFO  WebDriverManager:939 - Exporting webdriver.chrome.driver as /Users/admin/.m2/repository/webdriver/chromedriver/mac64/2.46/chromedriver
2019-03-07 15:57:51 INFO  WebDriverManager:939 - Exporting webdriver.chrome.driver as /Users/admin/.m2/repository/webdriver/chromedriver/mac64/2.46/chromedriver
2019-03-07 16:00:15 INFO  WebDriverManager:939 - Exporting webdriver.chrome.driver as /Users/admin/.m2/repository/webdriver/chromedriver/mac64/2.46/chromedriver
2019-03-07 16:25:08 INFO  WebDriverManager:939 - Exporting webdriver.chrome.driver as /Users/admin/.m2/repository/webdriver/chromedriver/mac64/2.46/chromedriver
2019-03-07 16:40:44 INFO  WebDriverManager:939 - Exporting webdriver.chrome.driver as /Users/admin/.m2/repository/webdriver/chromedriver/mac64/2.46/chromedriver
2019-03-07 16:55:55 INFO  WebDriverManager:939 - Exporting webdriver.chrome.driver as /Users/admin/.m2/repository/webdriver/chromedriver/mac64/2.46/chromedriver
2019-03-07 16:59:43 INFO  WebDriverManager:551 - Using chromedriver 2.46 (since Google Chrome 72 is installed in your machine)
2019-03-07 16:59:43 INFO  WebDriverManager:939 - Exporting webdriver.chrome.driver as /Users/admin/.m2/repository/webdriver/chromedriver/mac64/2.46/chromedriver
2019-03-07 17:29:24 INFO  WebDriverManager:939 - Exporting webdriver.chrome.driver as /Users/admin/.m2/repository/webdriver/chromedriver/mac64/2.46/chromedriver
2019-03-07 17:31:34 INFO  WebDriverManager:939 - Exporting webdriver.chrome.driver as /Users/admin/.m2/repository/webdriver/chromedriver/mac64/2.46/chromedriver
2019-03-07 17:32:36 INFO  WebDriverManager:939 - Exporting webdriver.chrome.driver as /Users/admin/.m2/repository/webdriver/chromedriver/mac64/2.46/chromedriver
2019-03-07 17:38:37 INFO  WebDriverManager:939 - Exporting webdriver.chrome.driver as /Users/admin/.m2/repository/webdriver/chromedriver/mac64/2.46/chromedriver
2019-03-07 17:40:00 INFO  WebDriverManager:939 - Exporting webdriver.chrome.driver as /Users/admin/.m2/repository/webdriver/chromedriver/mac64/2.46/chromedriver
2019-03-07 17:40:53 INFO  WebDriverManager:939 - Exporting webdriver.chrome.driver as /Users/admin/.m2/repository/webdriver/chromedriver/mac64/2.46/chromedriver
2019-03-07 17:42:53 INFO  WebDriverManager:939 - Exporting webdriver.chrome.driver as /Users/admin/.m2/repository/webdriver/chromedriver/mac64/2.46/chromedriver
2019-03-07 17:44:04 INFO  WebDriverManager:939 - Exporting webdriver.chrome.driver as /Users/admin/.m2/repository/webdriver/chromedriver/mac64/2.46/chromedriver
2019-03-07 17:46:37 INFO  WebDriverManager:939 - Exporting webdriver.chrome.driver as /Users/admin/.m2/repository/webdriver/chromedriver/mac64/2.46/chromedriver
2019-03-07 17:48:02 INFO  WebDriverManager:939 - Exporting webdriver.chrome.driver as /Users/admin/.m2/repository/webdriver/chromedriver/mac64/2.46/chromedriver
2019-03-07 17:48:20 INFO  WebDriverManager:939 - Exporting webdriver.chrome.driver as /Users/admin/.m2/repository/webdriver/chromedriver/mac64/2.46/chromedriver
2019-03-07 17:52:39 INFO  WebDriverManager:939 - Exporting webdriver.chrome.driver as /Users/admin/.m2/repository/webdriver/chromedriver/mac64/2.46/chromedriver
2019-03-07 17:54:46 INFO  WebDriverManager:939 - Exporting webdriver.chrome.driver as /Users/admin/.m2/repository/webdriver/chromedriver/mac64/2.46/chromedriver
2019-03-07 17:55:56 INFO  WebDriverManager:939 - Exporting webdriver.chrome.driver as /Users/admin/.m2/repository/webdriver/chromedriver/mac64/2.46/chromedriver
2019-03-07 17:57:54 INFO  WebDriverManager:939 - Exporting webdriver.chrome.driver as /Users/admin/.m2/repository/webdriver/chromedriver/mac64/2.46/chromedriver
2019-03-07 17:59:12 INFO  WebDriverManager:939 - Exporting webdriver.chrome.driver as /Users/admin/.m2/repository/webdriver/chromedriver/mac64/2.46/chromedriver
2019-03-07 18:01:39 INFO  WebDriverManager:551 - Using chromedriver 2.46 (since Google Chrome 72 is installed in your machine)
2019-03-07 18:01:40 INFO  WebDriverManager:939 - Exporting webdriver.chrome.driver as /Users/admin/.m2/repository/webdriver/chromedriver/mac64/2.46/chromedriver
2019-03-07 18:02:08 INFO  WebDriverManager:939 - Exporting webdriver.chrome.driver as /Users/admin/.m2/repository/webdriver/chromedriver/mac64/2.46/chromedriver
2019-03-07 18:03:39 INFO  WebDriverManager:939 - Exporting webdriver.chrome.driver as /Users/admin/.m2/repository/webdriver/chromedriver/mac64/2.46/chromedriver
2019-03-07 18:04:03 INFO  WebDriverManager:939 - Exporting webdriver.chrome.driver as /Users/admin/.m2/repository/webdriver/chromedriver/mac64/2.46/chromedriver
2019-03-07 18:04:49 INFO  WebDriverManager:939 - Exporting webdriver.chrome.driver as /Users/admin/.m2/repository/webdriver/chromedriver/mac64/2.46/chromedriver
2019-03-07 18:10:48 INFO  WebDriverManager:939 - Exporting webdriver.chrome.driver as /Users/admin/.m2/repository/webdriver/chromedriver/mac64/2.46/chromedriver
2019-03-07 18:11:35 INFO  WebDriverManager:939 - Exporting webdriver.chrome.driver as /Users/admin/.m2/repository/webdriver/chromedriver/mac64/2.46/chromedriver
2019-03-07 18:11:53 INFO  WebDriverManager:939 - Exporting webdriver.chrome.driver as /Users/admin/.m2/repository/webdriver/chromedriver/mac64/2.46/chromedriver
2019-03-07 18:20:41 INFO  WebDriverManager:939 - Exporting webdriver.chrome.driver as /Users/admin/.m2/repository/webdriver/chromedriver/mac64/2.46/chromedriver
2019-03-07 18:23:22 INFO  WebDriverManager:939 - Exporting webdriver.chrome.driver as /Users/admin/.m2/repository/webdriver/chromedriver/mac64/2.46/chromedriver
2019-03-07 18:24:19 INFO  WebDriverManager:939 - Exporting webdriver.chrome.driver as /Users/admin/.m2/repository/webdriver/chromedriver/mac64/2.46/chromedriver
2019-03-07 19:01:13 INFO  WebDriverManager:939 - Exporting webdriver.chrome.driver as /Users/admin/.m2/repository/webdriver/chromedriver/mac64/2.46/chromedriver
2019-03-07 19:02:07 INFO  WebDriverManager:551 - Using chromedriver 2.46 (since Google Chrome 72 is installed in your machine)
2019-03-07 19:02:07 INFO  WebDriverManager:939 - Exporting webdriver.chrome.driver as /Users/admin/.m2/repository/webdriver/chromedriver/mac64/2.46/chromedriver
2019-03-07 19:07:23 INFO  WebDriverManager:939 - Exporting webdriver.chrome.driver as /Users/admin/.m2/repository/webdriver/chromedriver/mac64/2.46/chromedriver
2019-03-07 19:11:47 INFO  WebDriverManager:939 - Exporting webdriver.chrome.driver as /Users/admin/.m2/repository/webdriver/chromedriver/mac64/2.46/chromedriver
2019-03-07 19:14:57 INFO  WebDriverManager:939 - Exporting webdriver.chrome.driver as /Users/admin/.m2/repository/webdriver/chromedriver/mac64/2.46/chromedriver
2019-03-07 19:17:30 INFO  WebDriverManager:939 - Exporting webdriver.chrome.driver as /Users/admin/.m2/repository/webdriver/chromedriver/mac64/2.46/chromedriver
2019-03-07 19:24:10 INFO  WebDriverManager:939 - Exporting webdriver.chrome.driver as /Users/admin/.m2/repository/webdriver/chromedriver/mac64/2.46/chromedriver
2019-03-07 19:27:31 INFO  WebDriverManager:939 - Exporting webdriver.chrome.driver as /Users/admin/.m2/repository/webdriver/chromedriver/mac64/2.46/chromedriver
2019-03-07 19:28:41 INFO  WebDriverManager:939 - Exporting webdriver.chrome.driver as /Users/admin/.m2/repository/webdriver/chromedriver/mac64/2.46/chromedriver
2019-03-07 19:29:49 INFO  WebDriverManager:939 - Exporting webdriver.chrome.driver as /Users/admin/.m2/repository/webdriver/chromedriver/mac64/2.46/chromedriver
2019-03-07 19:31:07 INFO  WebDriverManager:939 - Exporting webdriver.chrome.driver as /Users/admin/.m2/repository/webdriver/chromedriver/mac64/2.46/chromedriver
2019-03-07 19:33:36 INFO  WebDriverManager:939 - Exporting webdriver.chrome.driver as /Users/admin/.m2/repository/webdriver/chromedriver/mac64/2.46/chromedriver
2019-03-07 19:34:36 INFO  WebDriverManager:939 - Exporting webdriver.chrome.driver as /Users/admin/.m2/repository/webdriver/chromedriver/mac64/2.46/chromedriver
2019-03-07 19:35:13 INFO  WebDriverManager:939 - Exporting webdriver.chrome.driver as /Users/admin/.m2/repository/webdriver/chromedriver/mac64/2.46/chromedriver
2019-03-07 20:39:50 INFO  WebDriverManager:551 - Using chromedriver 2.46 (since Google Chrome 72 is installed in your machine)
2019-03-07 20:39:50 INFO  WebDriverManager:939 - Exporting webdriver.chrome.driver as /Users/admin/.m2/repository/webdriver/chromedriver/mac64/2.46/chromedriver
2019-03-07 20:40:34 INFO  WebDriverManager:939 - Exporting webdriver.chrome.driver as /Users/admin/.m2/repository/webdriver/chromedriver/mac64/2.46/chromedriver
2019-03-07 21:41:46 INFO  WebDriverManager:551 - Using chromedriver 2.46 (since Google Chrome 72 is installed in your machine)
2019-03-07 21:41:46 INFO  WebDriverManager:939 - Exporting webdriver.chrome.driver as /Users/admin/.m2/repository/webdriver/chromedriver/mac64/2.46/chromedriver
2019-03-07 22:13:18 INFO  WebDriverManager:939 - Exporting webdriver.chrome.driver as /Users/admin/.m2/repository/webdriver/chromedriver/mac64/2.46/chromedriver
2019-03-07 22:25:04 INFO  WebDriverManager:939 - Exporting webdriver.chrome.driver as /Users/admin/.m2/repository/webdriver/chromedriver/mac64/2.46/chromedriver
2019-03-07 22:29:51 INFO  WebDriverManager:939 - Exporting webdriver.chrome.driver as /Users/admin/.m2/repository/webdriver/chromedriver/mac64/2.46/chromedriver
2019-03-07 22:32:02 INFO  WebDriverManager:939 - Exporting webdriver.chrome.driver as /Users/admin/.m2/repository/webdriver/chromedriver/mac64/2.46/chromedriver
2019-03-07 22:32:38 INFO  WebDriverManager:939 - Exporting webdriver.chrome.driver as /Users/admin/.m2/repository/webdriver/chromedriver/mac64/2.46/chromedriver
2019-03-07 22:38:57 INFO  WebDriverManager:939 - Exporting webdriver.chrome.driver as /Users/admin/.m2/repository/webdriver/chromedriver/mac64/2.46/chromedriver
2019-03-07 22:45:55 INFO  WebDriverManager:551 - Using chromedriver 2.46 (since Google Chrome 72 is installed in your machine)
2019-03-07 22:45:55 INFO  WebDriverManager:939 - Exporting webdriver.chrome.driver as /Users/admin/.m2/repository/webdriver/chromedriver/mac64/2.46/chromedriver
2019-03-07 22:51:18 INFO  WebDriverManager:939 - Exporting webdriver.chrome.driver as /Users/admin/.m2/repository/webdriver/chromedriver/mac64/2.46/chromedriver
2019-03-07 22:53:23 INFO  WebDriverManager:939 - Exporting webdriver.chrome.driver as /Users/admin/.m2/repository/webdriver/chromedriver/mac64/2.46/chromedriver
2019-03-07 22:54:59 INFO  WebDriverManager:939 - Exporting webdriver.chrome.driver as /Users/admin/.m2/repository/webdriver/chromedriver/mac64/2.46/chromedriver
2019-03-07 22:55:29 INFO  WebDriverManager:939 - Exporting webdriver.chrome.driver as /Users/admin/.m2/repository/webdriver/chromedriver/mac64/2.46/chromedriver
2019-03-07 23:05:20 INFO  WebDriverManager:939 - Exporting webdriver.chrome.driver as /Users/admin/.m2/repository/webdriver/chromedriver/mac64/2.46/chromedriver
2019-03-07 23:08:15 INFO  WebDriverManager:939 - Exporting webdriver.chrome.driver as /Users/admin/.m2/repository/webdriver/chromedriver/mac64/2.46/chromedriver
2019-03-07 23:09:22 INFO  WebDriverManager:939 - Exporting webdriver.chrome.driver as /Users/admin/.m2/repository/webdriver/chromedriver/mac64/2.46/chromedriver
2019-03-07 23:09:56 INFO  WebDriverManager:939 - Exporting webdriver.chrome.driver as /Users/admin/.m2/repository/webdriver/chromedriver/mac64/2.46/chromedriver
2019-03-07 23:10:22 INFO  WebDriverManager:939 - Exporting webdriver.chrome.driver as /Users/admin/.m2/repository/webdriver/chromedriver/mac64/2.46/chromedriver
2019-03-07 23:12:39 INFO  WebDriverManager:939 - Exporting webdriver.chrome.driver as /Users/admin/.m2/repository/webdriver/chromedriver/mac64/2.46/chromedriver
2019-03-07 23:14:22 INFO  WebDriverManager:939 - Exporting webdriver.chrome.driver as /Users/admin/.m2/repository/webdriver/chromedriver/mac64/2.46/chromedriver
2019-03-07 23:15:33 INFO  WebDriverManager:939 - Exporting webdriver.chrome.driver as /Users/admin/.m2/repository/webdriver/chromedriver/mac64/2.46/chromedriver
2019-03-07 23:16:20 INFO  WebDriverManager:939 - Exporting webdriver.chrome.driver as /Users/admin/.m2/repository/webdriver/chromedriver/mac64/2.46/chromedriver
2019-03-07 23:18:53 INFO  WebDriverManager:939 - Exporting webdriver.chrome.driver as /Users/admin/.m2/repository/webdriver/chromedriver/mac64/2.46/chromedriver
2019-03-07 23:20:08 INFO  WebDriverManager:939 - Exporting webdriver.chrome.driver as /Users/admin/.m2/repository/webdriver/chromedriver/mac64/2.46/chromedriver
2019-03-07 23:20:32 INFO  WebDriverManager:939 - Exporting webdriver.chrome.driver as /Users/admin/.m2/repository/webdriver/chromedriver/mac64/2.46/chromedriver
2019-03-07 23:20:51 INFO  WebDriverManager:939 - Exporting webdriver.chrome.driver as /Users/admin/.m2/repository/webdriver/chromedriver/mac64/2.46/chromedriver
2019-03-07 23:21:08 INFO  WebDriverManager:939 - Exporting webdriver.chrome.driver as /Users/admin/.m2/repository/webdriver/chromedriver/mac64/2.46/chromedriver
2019-03-07 23:21:26 INFO  WebDriverManager:939 - Exporting webdriver.chrome.driver as /Users/admin/.m2/repository/webdriver/chromedriver/mac64/2.46/chromedriver
2019-03-07 23:21:48 INFO  WebDriverManager:939 - Exporting webdriver.chrome.driver as /Users/admin/.m2/repository/webdriver/chromedriver/mac64/2.46/chromedriver
2019-03-07 23:22:17 INFO  WebDriverManager:939 - Exporting webdriver.chrome.driver as /Users/admin/.m2/repository/webdriver/chromedriver/mac64/2.46/chromedriver
2019-03-07 23:23:32 INFO  WebDriverManager:939 - Exporting webdriver.chrome.driver as /Users/admin/.m2/repository/webdriver/chromedriver/mac64/2.46/chromedriver
2019-03-07 23:23:52 INFO  WebDriverManager:939 - Exporting webdriver.chrome.driver as /Users/admin/.m2/repository/webdriver/chromedriver/mac64/2.46/chromedriver
2019-03-07 23:24:28 INFO  WebDriverManager:939 - Exporting webdriver.chrome.driver as /Users/admin/.m2/repository/webdriver/chromedriver/mac64/2.46/chromedriver
2019-03-07 23:38:47 INFO  WebDriverManager:939 - Exporting webdriver.chrome.driver as /Users/admin/.m2/repository/webdriver/chromedriver/mac64/2.46/chromedriver
2019-03-07 23:44:52 INFO  WebDriverManager:939 - Exporting webdriver.chrome.driver as /Users/admin/.m2/repository/webdriver/chromedriver/mac64/2.46/chromedriver
2019-03-07 23:50:08 INFO  WebDriverManager:551 - Using chromedriver 2.46 (since Google Chrome 72 is installed in your machine)
2019-03-07 23:50:08 INFO  WebDriverManager:939 - Exporting webdriver.chrome.driver as /Users/admin/.m2/repository/webdriver/chromedriver/mac64/2.46/chromedriver
2019-03-07 23:54:48 INFO  WebDriverManager:939 - Exporting webdriver.chrome.driver as /Users/admin/.m2/repository/webdriver/chromedriver/mac64/2.46/chromedriver
2019-03-07 23:57:27 INFO  WebDriverManager:939 - Exporting webdriver.chrome.driver as /Users/admin/.m2/repository/webdriver/chromedriver/mac64/2.46/chromedriver
2019-03-07 23:58:04 INFO  WebDriverManager:939 - Exporting webdriver.chrome.driver as /Users/admin/.m2/repository/webdriver/chromedriver/mac64/2.46/chromedriver
2019-03-08 00:01:47 INFO  WebDriverManager:939 - Exporting webdriver.chrome.driver as /Users/admin/.m2/repository/webdriver/chromedriver/mac64/2.46/chromedriver
2019-03-08 00:03:32 INFO  WebDriverManager:939 - Exporting webdriver.chrome.driver as /Users/admin/.m2/repository/webdriver/chromedriver/mac64/2.46/chromedriver
2019-03-08 00:07:53 INFO  WebDriverManager:939 - Exporting webdriver.chrome.driver as /Users/admin/.m2/repository/webdriver/chromedriver/mac64/2.46/chromedriver
2019-03-10 08:33:16 INFO  WebDriverManager:551 - Using chromedriver 2.46 (since Google Chrome 72 is installed in your machine)
2019-03-10 08:33:16 INFO  WebDriverManager:939 - Exporting webdriver.chrome.driver as /Users/admin/.m2/repository/webdriver/chromedriver/mac64/2.46/chromedriver
2019-03-10 08:36:18 INFO  WebDriverManager:939 - Exporting webdriver.chrome.driver as /Users/admin/.m2/repository/webdriver/chromedriver/mac64/2.46/chromedriver
2019-03-10 08:40:16 INFO  WebDriverManager:939 - Exporting webdriver.chrome.driver as /Users/admin/.m2/repository/webdriver/chromedriver/mac64/2.46/chromedriver
2019-03-10 08:41:28 INFO  WebDriverManager:939 - Exporting webdriver.chrome.driver as /Users/admin/.m2/repository/webdriver/chromedriver/mac64/2.46/chromedriver
2019-03-10 08:41:47 INFO  WebDriverManager:939 - Exporting webdriver.chrome.driver as /Users/admin/.m2/repository/webdriver/chromedriver/mac64/2.46/chromedriver
2019-03-10 08:43:03 INFO  WebDriverManager:939 - Exporting webdriver.chrome.driver as /Users/admin/.m2/repository/webdriver/chromedriver/mac64/2.46/chromedriver
2019-03-10 08:47:13 INFO  WebDriverManager:939 - Exporting webdriver.chrome.driver as /Users/admin/.m2/repository/webdriver/chromedriver/mac64/2.46/chromedriver
2019-03-10 08:50:36 INFO  WebDriverManager:939 - Exporting webdriver.chrome.driver as /Users/admin/.m2/repository/webdriver/chromedriver/mac64/2.46/chromedriver
2019-03-10 08:51:58 INFO  WebDriverManager:939 - Exporting webdriver.chrome.driver as /Users/admin/.m2/repository/webdriver/chromedriver/mac64/2.46/chromedriver
2019-03-10 08:53:57 INFO  WebDriverManager:939 - Exporting webdriver.chrome.driver as /Users/admin/.m2/repository/webdriver/chromedriver/mac64/2.46/chromedriver
2019-03-10 08:54:35 INFO  WebDriverManager:939 - Exporting webdriver.chrome.driver as /Users/admin/.m2/repository/webdriver/chromedriver/mac64/2.46/chromedriver
2019-03-10 08:58:42 INFO  WebDriverManager:939 - Exporting webdriver.chrome.driver as /Users/admin/.m2/repository/webdriver/chromedriver/mac64/2.46/chromedriver
2019-03-10 08:59:37 INFO  WebDriverManager:939 - Exporting webdriver.chrome.driver as /Users/admin/.m2/repository/webdriver/chromedriver/mac64/2.46/chromedriver
2019-03-10 09:01:13 INFO  WebDriverManager:939 - Exporting webdriver.chrome.driver as /Users/admin/.m2/repository/webdriver/chromedriver/mac64/2.46/chromedriver
2019-03-10 09:05:38 INFO  WebDriverManager:939 - Exporting webdriver.chrome.driver as /Users/admin/.m2/repository/webdriver/chromedriver/mac64/2.46/chromedriver
2019-03-10 09:12:17 INFO  WebDriverManager:939 - Exporting webdriver.chrome.driver as /Users/admin/.m2/repository/webdriver/chromedriver/mac64/2.46/chromedriver
2019-03-10 09:16:45 INFO  WebDriverManager:939 - Exporting webdriver.chrome.driver as /Users/admin/.m2/repository/webdriver/chromedriver/mac64/2.46/chromedriver
2019-03-10 09:31:23 INFO  WebDriverManager:939 - Exporting webdriver.chrome.driver as /Users/admin/.m2/repository/webdriver/chromedriver/mac64/2.46/chromedriver
2019-03-10 09:32:27 INFO  WebDriverManager:939 - Exporting webdriver.chrome.driver as /Users/admin/.m2/repository/webdriver/chromedriver/mac64/2.46/chromedriver
2019-03-10 09:33:29 INFO  WebDriverManager:551 - Using chromedriver 2.46 (since Google Chrome 72 is installed in your machine)
2019-03-10 09:33:29 INFO  WebDriverManager:939 - Exporting webdriver.chrome.driver as /Users/admin/.m2/repository/webdriver/chromedriver/mac64/2.46/chromedriver
2019-03-10 09:45:44 INFO  WebDriverManager:939 - Exporting webdriver.chrome.driver as /Users/admin/.m2/repository/webdriver/chromedriver/mac64/2.46/chromedriver
2019-03-10 09:48:44 INFO  WebDriverManager:939 - Exporting webdriver.chrome.driver as /Users/admin/.m2/repository/webdriver/chromedriver/mac64/2.46/chromedriver
2019-03-10 09:49:48 INFO  WebDriverManager:939 - Exporting webdriver.chrome.driver as /Users/admin/.m2/repository/webdriver/chromedriver/mac64/2.46/chromedriver
2019-03-10 09:50:28 INFO  WebDriverManager:939 - Exporting webdriver.chrome.driver as /Users/admin/.m2/repository/webdriver/chromedriver/mac64/2.46/chromedriver
2019-03-10 09:55:13 INFO  WebDriverManager:939 - Exporting webdriver.chrome.driver as /Users/admin/.m2/repository/webdriver/chromedriver/mac64/2.46/chromedriver
2019-03-10 09:55:44 INFO  WebDriverManager:939 - Exporting webdriver.chrome.driver as /Users/admin/.m2/repository/webdriver/chromedriver/mac64/2.46/chromedriver
2019-03-10 09:56:11 INFO  WebDriverManager:939 - Exporting webdriver.chrome.driver as /Users/admin/.m2/repository/webdriver/chromedriver/mac64/2.46/chromedriver
2019-03-10 09:56:32 INFO  WebDriverManager:939 - Exporting webdriver.chrome.driver as /Users/admin/.m2/repository/webdriver/chromedriver/mac64/2.46/chromedriver
2019-03-10 09:58:48 INFO  WebDriverManager:939 - Exporting webdriver.chrome.driver as /Users/admin/.m2/repository/webdriver/chromedriver/mac64/2.46/chromedriver
2019-03-10 10:10:39 INFO  WebDriverManager:939 - Exporting webdriver.chrome.driver as /Users/admin/.m2/repository/webdriver/chromedriver/mac64/2.46/chromedriver
2019-03-10 10:14:17 INFO  WebDriverManager:939 - Exporting webdriver.chrome.driver as /Users/admin/.m2/repository/webdriver/chromedriver/mac64/2.46/chromedriver
2019-03-10 10:15:51 INFO  WebDriverManager:939 - Exporting webdriver.chrome.driver as /Users/admin/.m2/repository/webdriver/chromedriver/mac64/2.46/chromedriver
2019-03-10 10:20:35 INFO  WebDriverManager:939 - Exporting webdriver.chrome.driver as /Users/admin/.m2/repository/webdriver/chromedriver/mac64/2.46/chromedriver
2019-03-10 10:21:02 INFO  WebDriverManager:939 - Exporting webdriver.chrome.driver as /Users/admin/.m2/repository/webdriver/chromedriver/mac64/2.46/chromedriver
2019-03-10 10:49:36 INFO  WebDriverManager:551 - Using chromedriver 2.46 (since Google Chrome 72 is installed in your machine)
2019-03-10 10:49:36 INFO  WebDriverManager:939 - Exporting webdriver.chrome.driver as /Users/admin/.m2/repository/webdriver/chromedriver/mac64/2.46/chromedriver
2019-03-10 10:49:45 INFO  MainPage:21 - As User, I can open the main page with EN locale
2019-03-10 10:49:46 INFO  MainPage:55 - I can click on 'Currency rates' button in the main page
2019-03-10 10:52:46 INFO  WebDriverManager:939 - Exporting webdriver.chrome.driver as /Users/admin/.m2/repository/webdriver/chromedriver/mac64/2.46/chromedriver
2019-03-10 10:58:10 INFO  WebDriverManager:939 - Exporting webdriver.chrome.driver as /Users/admin/.m2/repository/webdriver/chromedriver/mac64/2.46/chromedriver
2019-03-10 11:10:49 INFO  WebDriverManager:939 - Exporting webdriver.chrome.driver as /Users/admin/.m2/repository/webdriver/chromedriver/mac64/2.46/chromedriver
2019-03-10 11:24:22 INFO  WebDriverManager:939 - Exporting webdriver.chrome.driver as /Users/admin/.m2/repository/webdriver/chromedriver/mac64/2.46/chromedriver
2019-03-10 11:34:38 INFO  WebDriverManager:939 - Exporting webdriver.chrome.driver as /Users/admin/.m2/repository/webdriver/chromedriver/mac64/2.46/chromedriver
2019-03-11 14:44:05 INFO  WebDriverManager:551 - Using chromedriver 2.46 (since Google Chrome 72 is installed in your machine)
2019-03-11 14:44:05 INFO  WebDriverManager:939 - Exporting webdriver.chrome.driver as /Users/admin/.m2/repository/webdriver/chromedriver/mac64/2.46/chromedriver
2019-03-11 14:45:39 INFO  WebDriverManager:939 - Exporting webdriver.chrome.driver as /Users/admin/.m2/repository/webdriver/chromedriver/mac64/2.46/chromedriver
2019-03-11 15:50:45 INFO  WebDriverManager:551 - Using chromedriver 2.46 (since Google Chrome 72 is installed in your machine)
2019-03-11 15:50:45 INFO  WebDriverManager:939 - Exporting webdriver.chrome.driver as /Users/admin/.m2/repository/webdriver/chromedriver/mac64/2.46/chromedriver
2019-03-11 15:52:46 INFO  WebDriverManager:939 - Exporting webdriver.chrome.driver as /Users/admin/.m2/repository/webdriver/chromedriver/mac64/2.46/chromedriver
2019-03-11 15:55:56 INFO  WebDriverManager:939 - Exporting webdriver.chrome.driver as /Users/admin/.m2/repository/webdriver/chromedriver/mac64/2.46/chromedriver
2019-03-11 15:56:50 INFO  WebDriverManager:939 - Exporting webdriver.chrome.driver as /Users/admin/.m2/repository/webdriver/chromedriver/mac64/2.46/chromedriver
2019-03-11 15:58:20 INFO  WebDriverManager:939 - Exporting webdriver.chrome.driver as /Users/admin/.m2/repository/webdriver/chromedriver/mac64/2.46/chromedriver
2019-03-11 16:01:09 INFO  WebDriverManager:939 - Exporting webdriver.chrome.driver as /Users/admin/.m2/repository/webdriver/chromedriver/mac64/2.46/chromedriver
2019-03-11 16:01:42 INFO  WebDriverManager:939 - Exporting webdriver.chrome.driver as /Users/admin/.m2/repository/webdriver/chromedriver/mac64/2.46/chromedriver
